<?xml version="1.0" encoding="UTF-8"?>
<!-- Generated by org.testng.reporters.JUnitReportReporter -->
<testsuite skipped="0" hostname="windows" name="orangeHRM.testcases.TC002_forgotPasswordElement" tests="1" failures="0" timestamp="20 Aug 2023 17:27:49 GMT" time="7.476" errors="0">
  <testcase name="loginTest" time="7.476" classname="orangeHRM.testcases.TC002_forgotPasswordElement"/>
</testsuite> <!-- orangeHRM.testcases.TC002_forgotPasswordElement -->
