<?xml version="1.0" encoding="UTF-8"?>
<!-- Generated by org.testng.reporters.JUnitReportReporter -->
<testsuite skipped="0" hostname="windows" name="orangeHRM.testcases.TC001_userLoginTest" tests="1" failures="0" timestamp="20 Aug 2023 20:00:41 GMT" time="11.780" errors="0">
  <testcase name="loginTest" time="11.780" classname="orangeHRM.testcases.TC001_userLoginTest"/>
</testsuite> <!-- orangeHRM.testcases.TC001_userLoginTest -->
