<?xml version="1.0" encoding="UTF-8"?>
<!-- Generated by org.testng.reporters.JUnitReportReporter -->
<testsuite skipped="0" hostname="windows" name="orangeHRM.testcases.TC002_forgotPasswordLink" tests="1" failures="0" timestamp="18 Aug 2023 20:36:23 GMT" time="8.455" errors="0">
  <testcase name="loginTest" time="8.455" classname="orangeHRM.testcases.TC002_forgotPasswordLink"/>
</testsuite> <!-- orangeHRM.testcases.TC002_forgotPasswordLink -->
